<?xml version="1.0" encoding="UTF-8"?>
<!-- Generated by org.testng.reporters.JUnitReportReporter -->
<testsuite skipped="0" hostname="L-101393-27July" name="TestRunner.Run" tests="1" failures="0" timestamp="2022-10-13T23:14:20 IST" time="13.458" errors="0">
  <testcase name="runScenario" time="13.458" classname="TestRunner.Run"/>
  <system-out/>
</testsuite> <!-- TestRunner.Run -->
