<?xml version="1.0" encoding="UTF-8"?>
<!-- Generated by org.testng.reporters.JUnitReportReporter -->
<testsuite skipped="0" hostname="L-101393-27July" name="TestRunner.Run" tests="1" failures="0" timestamp="2022-10-14T00:22:31 IST" time="12.092" errors="0">
  <testcase name="runScenario" time="12.092" classname="TestRunner.Run"/>
  <system-out/>
</testsuite> <!-- TestRunner.Run -->
